Reading Config...
	Comparing CSV vs. CSV...

		Feeder File Comparison
			Feeder File Name:  csv_feeder.txt
				Total entries in the feeder file: 3
			Proceeding with comparison for 2 selected entries.


Comparing Feeder Row:  2
			Source File: 'C:\Users\MITDeepanraj\PycharmProjects\dbFileComparator\input\generated_data1_source.csv
				Source Key: Row_ID_O6G3A1_R6
				Excluded Columns: 

			Target File: 'C:\Users\MITDeepanraj\PycharmProjects\dbFileComparator\input\generated_data1_target.csv
				Target Key: Row_ID_O6G3A1_R6
				Excluded Columns: 
		Single Primary Key used for comparison

Starting data comparison...
Comparison Stats: 
	Total Record Count: 
		-> Source:  5
		-> Target:  5
	Records with matching primary/composite keys across Source and Target:  5
		-> Matched Records:  4
		-> Mismatched Records:  1
	Missing Records: 
		-> Records present only in Source:  0
		-> Records present only in Target:  0
	Duplicate Records
		-> Source:  0
		-> Target:  0


Comparing Feeder Row:  3
			Source File: 'C:\Users\MITDeepanraj\PycharmProjects\dbFileComparator\input\generated_data1_source.csv
				Source Key: Row_ID_O6G3A1_R6,Order_ID
				Excluded Columns: 

			Target File: 'C:\Users\MITDeepanraj\PycharmProjects\dbFileComparator\input\generated_data1_target.csv
				Target Key: Row_ID_O6G3A1_R6, Order_ID
				Excluded Columns: 

		Multiple Primary Keys provided, generating Composite Keys

Starting data comparison...
Comparison Stats: 
	Total Record Count: 
		-> Source:  5
		-> Target:  5
	Records with matching primary/composite keys across Source and Target:  5
		-> Matched Records:  4
		-> Mismatched Records:  1
	Missing Records: 
		-> Records present only in Source:  0
		-> Records present only in Target:  0
	Duplicate Records
		-> Source:  0
		-> Target:  0

Time taken: 00:00:00.91

Log file saved at: C:\Users\MITDeepanraj\PycharmProjects\dbFileComparator\Output\Comparison_Report_20250115_212301\Compare_log_20250115_212301.log
