Reading Config...
	Comparing CSV vs. CSV...

		Individual File Comparison
			Comparing Source: './input/generated_data1_source.csv' and Target: './input/generated_data1_target.csv'

		Multiple Primary Keys provided, generating Composite Keys

Starting data comparison...
s_column:  row_id_o6g3a1_r6
s_column:  order_id
s_column:  order_date
s_column:  ship_date
s_column:  customer_name
s_column:  segment
s_column:  country
s_column:  city
s_column:  state
s_column:  region
s_column:  product_id
s_column:  category
s_column:  sub_category
s_column:  product_name
s_column:  sales
s_column:  quantity
s_column:  profit
s_column:  returns
s_column:  payment_mode
s_column:  ind1
s_column:  ind2
s_column:  row_id_o6g3a1_r6
s_column:  order_id
s_column:  order_date
s_column:  ship_date
s_column:  customer_name
s_column:  segment
s_column:  country
s_column:  city
s_column:  state
s_column:  region
s_column:  product_id
s_column:  category
s_column:  sub_category
s_column:  product_name
s_column:  sales
s_column:  quantity
s_column:  profit
s_column:  returns
s_column:  payment_mode
s_column:  ind1
s_column:  ind2
s_column:  row_id_o6g3a1_r6
s_column:  order_id
s_column:  order_date
s_column:  ship_date
s_column:  customer_name
s_column:  segment
s_column:  country
s_column:  city
s_column:  state
s_column:  region
s_column:  product_id
s_column:  category
s_column:  sub_category
s_column:  product_name
s_column:  sales
s_column:  quantity
s_column:  profit
s_column:  returns
s_column:  payment_mode
s_column:  ind1
s_column:  ind2
s_column:  row_id_o6g3a1_r6
s_column:  order_id
s_column:  order_date
s_column:  ship_date
s_column:  customer_name
s_column:  segment
s_column:  country
s_column:  city
s_column:  state
s_column:  region
s_column:  product_id
s_column:  category
s_column:  sub_category
s_column:  product_name
s_column:  sales
s_column:  quantity
s_column:  profit
s_column:  returns
s_column:  payment_mode
s_column:  ind1
s_column:  ind2
s_column:  row_id_o6g3a1_r6
s_column:  order_id
s_column:  order_date
s_column:  ship_date
s_column:  customer_name
s_column:  segment
s_column:  country
s_column:  city
s_column:  state
s_column:  region
s_column:  product_id
s_column:  category
s_column:  sub_category
s_column:  product_name
s_column:  sales
s_column:  quantity
s_column:  profit
s_column:  returns
s_column:  payment_mode
s_column:  ind1
s_column:  ind2
Comparison Stats: 
	Total Record Count: 
		-> Source:  5
		-> Target:  5
	Records with matching primary/composite keys across Source and Target:  5
		-> Matched Records:  5
		-> Mismatched Records:  0
	Missing Records: 
		-> Records present only in Source:  0
		-> Records present only in Target:  0
	Duplicate Records
		-> Source:  0
		-> Target:  0

Time taken: 00:00:00.22

Log file saved at: C:\Users\MITDeepanraj\PycharmProjects\dbFileComparator\Output\Comparison_Report_20250115_203046\Compare_log_20250115_203046.log
