Reading Config...
	Comparing CSV vs. CSV...

		Individual File Comparison
			Source File: 'C:\Users\MITDeepanraj\PycharmProjects\dbFileComparator\input\generated_data1_source.csv
				Source Key: Row_ID_O6G3A1_R6,Order_ID
				Excluded Columns: ship_mode,test
			Target File: 'C:\Users\MITDeepanraj\PycharmProjects\dbFileComparator\input\generated_data1_target.csv
				Target Key: Row_ID_O6G3A1_R6, Order_ID
				Excluded Columns: ship_mode,test

		Multiple Primary Keys provided, generating Composite Keys

Starting data comparison...
Comparison Stats: 
	Total Record Count: 
		-> Source:  5
		-> Target:  5
	Records with matching primary/composite keys across Source and Target:  5
		-> Matched Records:  5
		-> Mismatched Records:  0
	Missing Records: 
		-> Records present only in Source:  0
		-> Records present only in Target:  0
	Duplicate Records
		-> Source:  0
		-> Target:  0

Time taken: 00:00:00.61

Log file saved at: C:\Users\MITDeepanraj\PycharmProjects\dbFileComparator\Output\Comparison_Report_20250115_212117\Compare_log_20250115_212117.log
