Reading Config...
	Comparing CSV vs. CSV...

		Individual File Comparison
			Comparing Source: './input/generated_data1_source.csv' and Target: './input/generated_data1_target.csv'

		Multiple Primary Keys provided, generating Composite Keys

Starting data comparison...
Comparison Stats: 
	Total Record Count: 
		-> Source:  5
		-> Target:  5
	Records with matching primary/composite keys across Source and Target:  5
		-> Matched Records:  5
		-> Mismatched Records:  0
	Missing Records: 
		-> Records present only in Source:  0
		-> Records present only in Target:  0
	Duplicate Records
		-> Source:  0
		-> Target:  0

Time taken: 00:00:00.62

Log file saved at: C:\Users\MITDeepanraj\PycharmProjects\dbFileComparator\Output\Comparison_Report_20250115_203315\Compare_log_20250115_203315.log
